{"/Users/samanthasterns/alchemy/career-track-one/lab6/lib/app.js": {"path":"/Users/samanthasterns/alchemy/career-track-one/lab6/lib/app.js","statementMap":{"0":{"start":{"line":1,"column":12},"end":{"line":1,"column":26}},"1":{"start":{"line":2,"column":21},"end":{"line":2,"column":52}},"2":{"start":{"line":3,"column":23},"end":{"line":3,"column":56}},"3":{"start":{"line":5,"column":12},"end":{"line":22,"column":2}},"4":{"start":{"line":6,"column":2},"end":{"line":21,"column":5}},"5":{"start":{"line":7,"column":20},"end":{"line":7,"column":49}},"6":{"start":{"line":8,"column":4},"end":{"line":20,"column":5}},"7":{"start":{"line":9,"column":6},"end":{"line":9,"column":96}},"8":{"start":{"line":10,"column":11},"end":{"line":20,"column":5}},"9":{"start":{"line":11,"column":6},"end":{"line":11,"column":102}},"10":{"start":{"line":12,"column":11},"end":{"line":20,"column":5}},"11":{"start":{"line":13,"column":6},"end":{"line":13,"column":102}},"12":{"start":{"line":14,"column":11},"end":{"line":20,"column":5}},"13":{"start":{"line":15,"column":6},"end":{"line":15,"column":104}},"14":{"start":{"line":16,"column":11},"end":{"line":20,"column":5}},"15":{"start":{"line":17,"column":6},"end":{"line":17,"column":103}},"16":{"start":{"line":19,"column":6},"end":{"line":19,"column":108}},"17":{"start":{"line":24,"column":0},"end":{"line":24,"column":21}}},"fnMap":{"0":{"name":"(anonymous_0)","decl":{"start":{"line":5,"column":29},"end":{"line":5,"column":30}},"loc":{"start":{"line":5,"column":39},"end":{"line":22,"column":1}},"line":5},"1":{"name":"(anonymous_1)","decl":{"start":{"line":6,"column":20},"end":{"line":6,"column":21}},"loc":{"start":{"line":6,"column":28},"end":{"line":21,"column":3}},"line":6}},"branchMap":{"0":{"loc":{"start":{"line":8,"column":4},"end":{"line":20,"column":5}},"type":"if","locations":[{"start":{"line":8,"column":4},"end":{"line":20,"column":5}},{"start":{"line":8,"column":4},"end":{"line":20,"column":5}}],"line":8},"1":{"loc":{"start":{"line":8,"column":7},"end":{"line":8,"column":55}},"type":"binary-expr","locations":[{"start":{"line":8,"column":7},"end":{"line":8,"column":27}},{"start":{"line":8,"column":31},"end":{"line":8,"column":55}}],"line":8},"2":{"loc":{"start":{"line":10,"column":11},"end":{"line":20,"column":5}},"type":"if","locations":[{"start":{"line":10,"column":11},"end":{"line":20,"column":5}},{"start":{"line":10,"column":11},"end":{"line":20,"column":5}}],"line":10},"3":{"loc":{"start":{"line":10,"column":14},"end":{"line":10,"column":67}},"type":"binary-expr","locations":[{"start":{"line":10,"column":14},"end":{"line":10,"column":38}},{"start":{"line":10,"column":42},"end":{"line":10,"column":67}}],"line":10},"4":{"loc":{"start":{"line":12,"column":11},"end":{"line":20,"column":5}},"type":"if","locations":[{"start":{"line":12,"column":11},"end":{"line":20,"column":5}},{"start":{"line":12,"column":11},"end":{"line":20,"column":5}}],"line":12},"5":{"loc":{"start":{"line":12,"column":14},"end":{"line":12,"column":65}},"type":"binary-expr","locations":[{"start":{"line":12,"column":14},"end":{"line":12,"column":37}},{"start":{"line":12,"column":41},"end":{"line":12,"column":65}}],"line":12},"6":{"loc":{"start":{"line":14,"column":11},"end":{"line":20,"column":5}},"type":"if","locations":[{"start":{"line":14,"column":11},"end":{"line":20,"column":5}},{"start":{"line":14,"column":11},"end":{"line":20,"column":5}}],"line":14},"7":{"loc":{"start":{"line":14,"column":14},"end":{"line":14,"column":67}},"type":"binary-expr","locations":[{"start":{"line":14,"column":14},"end":{"line":14,"column":39}},{"start":{"line":14,"column":43},"end":{"line":14,"column":67}}],"line":14},"8":{"loc":{"start":{"line":16,"column":11},"end":{"line":20,"column":5}},"type":"if","locations":[{"start":{"line":16,"column":11},"end":{"line":20,"column":5}},{"start":{"line":16,"column":11},"end":{"line":20,"column":5}}],"line":16},"9":{"loc":{"start":{"line":16,"column":14},"end":{"line":16,"column":66}},"type":"binary-expr","locations":[{"start":{"line":16,"column":14},"end":{"line":16,"column":38}},{"start":{"line":16,"column":42},"end":{"line":16,"column":66}}],"line":16}},"s":{"0":1,"1":1,"2":1,"3":1,"4":5,"5":5,"6":5,"7":1,"8":4,"9":1,"10":3,"11":1,"12":2,"13":1,"14":1,"15":1,"16":0,"17":1},"f":{"0":5,"1":5},"b":{"0":[1,4],"1":[5,1],"2":[1,3],"3":[4,1],"4":[1,2],"5":[3,1],"6":[1,1],"7":[2,1],"8":[1,0],"9":[1,1]},"_coverageSchema":"43e27e138ebf9cfc5966b082cf9a028302ed4184","hash":"b33bb5f47f214f0fadc43d762103863bc8d55e2d"}
,"/Users/samanthasterns/alchemy/career-track-one/lab6/lib/utils/createResponse.js": {"path":"/Users/samanthasterns/alchemy/career-track-one/lab6/lib/utils/createResponse.js","statementMap":{"0":{"start":{"line":1,"column":0},"end":{"line":9,"column":2}},"1":{"start":{"line":2,"column":2},"end":{"line":8,"column":17}}},"fnMap":{"0":{"name":"(anonymous_0)","decl":{"start":{"line":1,"column":17},"end":{"line":1,"column":18}},"loc":{"start":{"line":1,"column":82},"end":{"line":9,"column":1}},"line":1}},"branchMap":{"0":{"loc":{"start":{"line":1,"column":20},"end":{"line":1,"column":29}},"type":"default-arg","locations":[{"start":{"line":1,"column":27},"end":{"line":1,"column":29}}],"line":1},"1":{"loc":{"start":{"line":1,"column":31},"end":{"line":1,"column":56}},"type":"default-arg","locations":[{"start":{"line":1,"column":45},"end":{"line":1,"column":56}}],"line":1},"2":{"loc":{"start":{"line":1,"column":58},"end":{"line":1,"column":75}},"type":"default-arg","locations":[{"start":{"line":1,"column":67},"end":{"line":1,"column":75}}],"line":1}},"s":{"0":2,"1":6},"f":{"0":6},"b":{"0":[0],"1":[0],"2":[0]},"_coverageSchema":"43e27e138ebf9cfc5966b082cf9a028302ed4184","hash":"c049a99941a922e7476ea4109c65b9ed20b16f37"}
,"/Users/samanthasterns/alchemy/career-track-one/lab6/lib/utils/parseRequest.js": {"path":"/Users/samanthasterns/alchemy/career-track-one/lab6/lib/utils/parseRequest.js","statementMap":{"0":{"start":{"line":1,"column":0},"end":{"line":8,"column":2}},"1":{"start":{"line":2,"column":23},"end":{"line":2,"column":45}},"2":{"start":{"line":3,"column":19},"end":{"line":3,"column":45}},"3":{"start":{"line":4,"column":17},"end":{"line":4,"column":28}},"4":{"start":{"line":5,"column":15},"end":{"line":5,"column":26}},"5":{"start":{"line":6,"column":15},"end":{"line":6,"column":46}},"6":{"start":{"line":7,"column":2},"end":{"line":7,"column":32}}},"fnMap":{"0":{"name":"(anonymous_0)","decl":{"start":{"line":1,"column":17},"end":{"line":1,"column":18}},"loc":{"start":{"line":1,"column":31},"end":{"line":8,"column":1}},"line":1}},"branchMap":{},"s":{"0":2,"1":7,"2":7,"3":7,"4":7,"5":7,"6":7},"f":{"0":7},"b":{},"_coverageSchema":"43e27e138ebf9cfc5966b082cf9a028302ed4184","hash":"f19f7351353ab2fd8f379c5420af64b468202c2f"}
}
