TN:
SF:/Users/samanthasterns/alchemy/career-track-one/lab6/lib/app.js
FN:5,(anonymous_0)
FN:6,(anonymous_1)
FNF:2
FNH:2
FNDA:5,(anonymous_0)
FNDA:5,(anonymous_1)
DA:1,1
DA:2,1
DA:3,1
DA:5,1
DA:6,5
DA:7,5
DA:8,5
DA:9,1
DA:10,4
DA:11,1
DA:12,3
DA:13,1
DA:14,2
DA:15,1
DA:16,1
DA:17,1
DA:19,0
DA:24,1
LF:18
LH:17
BRDA:8,0,0,1
BRDA:8,0,1,4
BRDA:8,1,0,5
BRDA:8,1,1,1
BRDA:10,2,0,1
BRDA:10,2,1,3
BRDA:10,3,0,4
BRDA:10,3,1,1
BRDA:12,4,0,1
BRDA:12,4,1,2
BRDA:12,5,0,3
BRDA:12,5,1,1
BRDA:14,6,0,1
BRDA:14,6,1,1
BRDA:14,7,0,2
BRDA:14,7,1,1
BRDA:16,8,0,1
BRDA:16,8,1,0
BRDA:16,9,0,1
BRDA:16,9,1,1
BRF:20
BRH:19
end_of_record
TN:
SF:/Users/samanthasterns/alchemy/career-track-one/lab6/lib/utils/createResponse.js
FN:1,(anonymous_0)
FNF:1
FNH:1
FNDA:6,(anonymous_0)
DA:1,2
DA:2,6
LF:2
LH:2
BRDA:1,0,0,0
BRDA:1,1,0,0
BRDA:1,2,0,0
BRF:3
BRH:0
end_of_record
TN:
SF:/Users/samanthasterns/alchemy/career-track-one/lab6/lib/utils/parseRequest.js
FN:1,(anonymous_0)
FNF:1
FNH:1
FNDA:7,(anonymous_0)
DA:1,2
DA:2,7
DA:3,7
DA:4,7
DA:5,7
DA:6,7
DA:7,7
LF:7
LH:7
BRF:0
BRH:0
end_of_record
